<?xml version="1.0" encoding="UTF-8"?>
<testsuites>
  <testsuite name="" tests="45" assertions="94" errors="0" warnings="0" failures="0" skipped="0" time="0.001423">
    <testsuite name="default" tests="45" assertions="94" errors="0" warnings="0" failures="0" skipped="0" time="0.001423">
      <testsuite name="Dnx\Sso\Tests\ResponseTest" file="/home/jlemoine/projects/dnx/back/sso-sdk/tests/ResponseTest.php" tests="12" assertions="38" errors="0" warnings="0" failures="0" skipped="0" time="0.000982">
        <testcase name="testJsonDecodingWithInvalidJson" class="Dnx\Sso\Tests\ResponseTest" classname="Dnx.Sso.Tests.ResponseTest" file="/home/jlemoine/projects/dnx/back/sso-sdk/tests/ResponseTest.php" line="126" assertions="5" time="0.000660"/>
        <testcase name="testCanFetchUrlLogic" class="Dnx\Sso\Tests\ResponseTest" classname="Dnx.Sso.Tests.ResponseTest" file="/home/jlemoine/projects/dnx/back/sso-sdk/tests/ResponseTest.php" line="165" assertions="2" time="0.000090"/>
        <testcase name="testGetRedirectUrlWhenCanFetchUrl" class="Dnx\Sso\Tests\ResponseTest" classname="Dnx.Sso.Tests.ResponseTest" file="/home/jlemoine/projects/dnx/back/sso-sdk/tests/ResponseTest.php" line="67" assertions="1" time="0.000011"/>
        <testcase name="testGetRedirectUrlThrowsExceptionWhenCannotFetchUrl" class="Dnx\Sso\Tests\ResponseTest" classname="Dnx.Sso.Tests.ResponseTest" file="/home/jlemoine/projects/dnx/back/sso-sdk/tests/ResponseTest.php" line="79" assertions="2" time="0.000033"/>
        <testcase name="testGetLoginTokenEnablesUrlFetching" class="Dnx\Sso\Tests\ResponseTest" classname="Dnx.Sso.Tests.ResponseTest" file="/home/jlemoine/projects/dnx/back/sso-sdk/tests/ResponseTest.php" line="94" assertions="1" time="0.000009"/>
        <testcase name="testGetLoginTokenAndThenGetRedirectUrl" class="Dnx\Sso\Tests\ResponseTest" classname="Dnx.Sso.Tests.ResponseTest" file="/home/jlemoine/projects/dnx/back/sso-sdk/tests/ResponseTest.php" line="108" assertions="2" time="0.000008"/>
        <testcase name="testMappingLogicInConstructor" class="Dnx\Sso\Tests\ResponseTest" classname="Dnx.Sso.Tests.ResponseTest" file="/home/jlemoine/projects/dnx/back/sso-sdk/tests/ResponseTest.php" line="151" assertions="2" time="0.000007"/>
        <testcase name="testConstructorWithSuccessfulResponse" class="Dnx\Sso\Tests\ResponseTest" classname="Dnx.Sso.Tests.ResponseTest" file="/home/jlemoine/projects/dnx/back/sso-sdk/tests/ResponseTest.php" line="12" assertions="4" time="0.000021"/>
        <testcase name="testConstructorWithErrorResponse" class="Dnx\Sso\Tests\ResponseTest" classname="Dnx.Sso.Tests.ResponseTest" file="/home/jlemoine/projects/dnx/back/sso-sdk/tests/ResponseTest.php" line="27" assertions="4" time="0.000017"/>
        <testcase name="testConstructorWithNullValues" class="Dnx\Sso\Tests\ResponseTest" classname="Dnx.Sso.Tests.ResponseTest" file="/home/jlemoine/projects/dnx/back/sso-sdk/tests/ResponseTest.php" line="37" assertions="4" time="0.000106"/>
        <testcase name="testIsSuccessWithVariousStatusCodes" class="Dnx\Sso\Tests\ResponseTest" classname="Dnx.Sso.Tests.ResponseTest" file="/home/jlemoine/projects/dnx/back/sso-sdk/tests/ResponseTest.php" line="47" assertions="8" time="0.000011"/>
        <testcase name="testJsonDecodingWithPartialData" class="Dnx\Sso\Tests\ResponseTest" classname="Dnx.Sso.Tests.ResponseTest" file="/home/jlemoine/projects/dnx/back/sso-sdk/tests/ResponseTest.php" line="137" assertions="3" time="0.000008"/>
      </testsuite>
      <testsuite name="Dnx\Sso\Tests\ServiceEnumTest" file="/home/jlemoine/projects/dnx/back/sso-sdk/tests/ServiceEnumTest.php" tests="24" assertions="39" errors="0" warnings="0" failures="0" skipped="0" time="0.000267">
        <testcase name="testIsValidIsStrict" class="Dnx\Sso\Tests\ServiceEnumTest" classname="Dnx.Sso.Tests.ServiceEnumTest" file="/home/jlemoine/projects/dnx/back/sso-sdk/tests/ServiceEnumTest.php" line="70" assertions="5" time="0.000011"/>
        <testcase name="testConstants" class="Dnx\Sso\Tests\ServiceEnumTest" classname="Dnx.Sso.Tests.ServiceEnumTest" file="/home/jlemoine/projects/dnx/back/sso-sdk/tests/ServiceEnumTest.php" line="12" assertions="2" time="0.000006"/>
        <testcase name="testIsValidWithValidValues" class="Dnx\Sso\Tests\ServiceEnumTest" classname="Dnx.Sso.Tests.ServiceEnumTest" file="/home/jlemoine/projects/dnx/back/sso-sdk/tests/ServiceEnumTest.php" line="18" assertions="2" time="0.000005"/>
        <testcase name="testIsValidWithInvalidValues" class="Dnx\Sso\Tests\ServiceEnumTest" classname="Dnx.Sso.Tests.ServiceEnumTest" file="/home/jlemoine/projects/dnx/back/sso-sdk/tests/ServiceEnumTest.php" line="24" assertions="7" time="0.000006"/>
        <testcase name="testGetValues" class="Dnx\Sso\Tests\ServiceEnumTest" classname="Dnx.Sso.Tests.ServiceEnumTest" file="/home/jlemoine/projects/dnx/back/sso-sdk/tests/ServiceEnumTest.php" line="35" assertions="1" time="0.000005"/>
        <testcase name="testGetValuesReturnsArray" class="Dnx\Sso\Tests\ServiceEnumTest" classname="Dnx.Sso.Tests.ServiceEnumTest" file="/home/jlemoine/projects/dnx/back/sso-sdk/tests/ServiceEnumTest.php" line="41" assertions="2" time="0.000111"/>
        <testcase name="testAllConstantsAreInGetValues" class="Dnx\Sso\Tests\ServiceEnumTest" classname="Dnx.Sso.Tests.ServiceEnumTest" file="/home/jlemoine/projects/dnx/back/sso-sdk/tests/ServiceEnumTest.php" line="48" assertions="2" time="0.000046"/>
        <testcase name="testIsValidUsesGetValues" class="Dnx\Sso\Tests\ServiceEnumTest" classname="Dnx.Sso.Tests.ServiceEnumTest" file="/home/jlemoine/projects/dnx/back/sso-sdk/tests/ServiceEnumTest.php" line="56" assertions="2" time="0.000007"/>
        <testsuite name="Dnx\Sso\Tests\ServiceEnumTest::testIsValidWithInvalidValuesDataProvider" tests="12" assertions="12" errors="0" warnings="0" failures="0" skipped="0" time="0.000051">
          <testcase name="testIsValidWithInvalidValuesDataProvider with data set #0" class="Dnx\Sso\Tests\ServiceEnumTest" classname="Dnx.Sso.Tests.ServiceEnumTest" file="/home/jlemoine/projects/dnx/back/sso-sdk/tests/ServiceEnumTest.php" line="104" assertions="1" time="0.000008"/>
          <testcase name="testIsValidWithInvalidValuesDataProvider with data set #1" class="Dnx\Sso\Tests\ServiceEnumTest" classname="Dnx.Sso.Tests.ServiceEnumTest" file="/home/jlemoine/projects/dnx/back/sso-sdk/tests/ServiceEnumTest.php" line="104" assertions="1" time="0.000006"/>
          <testcase name="testIsValidWithInvalidValuesDataProvider with data set #2" class="Dnx\Sso\Tests\ServiceEnumTest" classname="Dnx.Sso.Tests.ServiceEnumTest" file="/home/jlemoine/projects/dnx/back/sso-sdk/tests/ServiceEnumTest.php" line="104" assertions="1" time="0.000004"/>
          <testcase name="testIsValidWithInvalidValuesDataProvider with data set #3" class="Dnx\Sso\Tests\ServiceEnumTest" classname="Dnx.Sso.Tests.ServiceEnumTest" file="/home/jlemoine/projects/dnx/back/sso-sdk/tests/ServiceEnumTest.php" line="104" assertions="1" time="0.000004"/>
          <testcase name="testIsValidWithInvalidValuesDataProvider with data set #4" class="Dnx\Sso\Tests\ServiceEnumTest" classname="Dnx.Sso.Tests.ServiceEnumTest" file="/home/jlemoine/projects/dnx/back/sso-sdk/tests/ServiceEnumTest.php" line="104" assertions="1" time="0.000004"/>
          <testcase name="testIsValidWithInvalidValuesDataProvider with data set #5" class="Dnx\Sso\Tests\ServiceEnumTest" classname="Dnx.Sso.Tests.ServiceEnumTest" file="/home/jlemoine/projects/dnx/back/sso-sdk/tests/ServiceEnumTest.php" line="104" assertions="1" time="0.000004"/>
          <testcase name="testIsValidWithInvalidValuesDataProvider with data set #6" class="Dnx\Sso\Tests\ServiceEnumTest" classname="Dnx.Sso.Tests.ServiceEnumTest" file="/home/jlemoine/projects/dnx/back/sso-sdk/tests/ServiceEnumTest.php" line="104" assertions="1" time="0.000004"/>
          <testcase name="testIsValidWithInvalidValuesDataProvider with data set #7" class="Dnx\Sso\Tests\ServiceEnumTest" classname="Dnx.Sso.Tests.ServiceEnumTest" file="/home/jlemoine/projects/dnx/back/sso-sdk/tests/ServiceEnumTest.php" line="104" assertions="1" time="0.000004"/>
          <testcase name="testIsValidWithInvalidValuesDataProvider with data set #8" class="Dnx\Sso\Tests\ServiceEnumTest" classname="Dnx.Sso.Tests.ServiceEnumTest" file="/home/jlemoine/projects/dnx/back/sso-sdk/tests/ServiceEnumTest.php" line="104" assertions="1" time="0.000003"/>
          <testcase name="testIsValidWithInvalidValuesDataProvider with data set #9" class="Dnx\Sso\Tests\ServiceEnumTest" classname="Dnx.Sso.Tests.ServiceEnumTest" file="/home/jlemoine/projects/dnx/back/sso-sdk/tests/ServiceEnumTest.php" line="104" assertions="1" time="0.000003"/>
          <testcase name="testIsValidWithInvalidValuesDataProvider with data set #10" class="Dnx\Sso\Tests\ServiceEnumTest" classname="Dnx.Sso.Tests.ServiceEnumTest" file="/home/jlemoine/projects/dnx/back/sso-sdk/tests/ServiceEnumTest.php" line="104" assertions="1" time="0.000003"/>
          <testcase name="testIsValidWithInvalidValuesDataProvider with data set #11" class="Dnx\Sso\Tests\ServiceEnumTest" classname="Dnx.Sso.Tests.ServiceEnumTest" file="/home/jlemoine/projects/dnx/back/sso-sdk/tests/ServiceEnumTest.php" line="104" assertions="1" time="0.000003"/>
        </testsuite>
        <testsuite name="Dnx\Sso\Tests\ServiceEnumTest::testIsValidWithValidValuesDataProvider" tests="4" assertions="4" errors="0" warnings="0" failures="0" skipped="0" time="0.000019">
          <testcase name="testIsValidWithValidValuesDataProvider with data set #0" class="Dnx\Sso\Tests\ServiceEnumTest" classname="Dnx.Sso.Tests.ServiceEnumTest" file="/home/jlemoine/projects/dnx/back/sso-sdk/tests/ServiceEnumTest.php" line="126" assertions="1" time="0.000009"/>
          <testcase name="testIsValidWithValidValuesDataProvider with data set #1" class="Dnx\Sso\Tests\ServiceEnumTest" classname="Dnx.Sso.Tests.ServiceEnumTest" file="/home/jlemoine/projects/dnx/back/sso-sdk/tests/ServiceEnumTest.php" line="126" assertions="1" time="0.000004"/>
          <testcase name="testIsValidWithValidValuesDataProvider with data set #2" class="Dnx\Sso\Tests\ServiceEnumTest" classname="Dnx.Sso.Tests.ServiceEnumTest" file="/home/jlemoine/projects/dnx/back/sso-sdk/tests/ServiceEnumTest.php" line="126" assertions="1" time="0.000003"/>
          <testcase name="testIsValidWithValidValuesDataProvider with data set #3" class="Dnx\Sso\Tests\ServiceEnumTest" classname="Dnx.Sso.Tests.ServiceEnumTest" file="/home/jlemoine/projects/dnx/back/sso-sdk/tests/ServiceEnumTest.php" line="126" assertions="1" time="0.000003"/>
        </testsuite>
      </testsuite>
      <testsuite name="Dnx\Sso\Tests\ClientTest" file="/home/jlemoine/projects/dnx/back/sso-sdk/tests/ClientTest.php" tests="9" assertions="17" errors="0" warnings="0" failures="0" skipped="0" time="0.000174">
        <testcase name="testRegisterRequiredParameters" class="Dnx\Sso\Tests\ClientTest" classname="Dnx.Sso.Tests.ClientTest" file="/home/jlemoine/projects/dnx/back/sso-sdk/tests/ClientTest.php" line="94" assertions="4" time="0.000083"/>
        <testcase name="testLoginRequiredParameters" class="Dnx\Sso\Tests\ClientTest" classname="Dnx.Sso.Tests.ClientTest" file="/home/jlemoine/projects/dnx/back/sso-sdk/tests/ClientTest.php" line="119" assertions="5" time="0.000011"/>
        <testcase name="testConstructorWithDefaultValues" class="Dnx\Sso\Tests\ClientTest" classname="Dnx.Sso.Tests.ClientTest" file="/home/jlemoine/projects/dnx/back/sso-sdk/tests/ClientTest.php" line="22" assertions="1" time="0.000038"/>
        <testcase name="testConstructorWithCustomValues" class="Dnx\Sso\Tests\ClientTest" classname="Dnx.Sso.Tests.ClientTest" file="/home/jlemoine/projects/dnx/back/sso-sdk/tests/ClientTest.php" line="31" assertions="1" time="0.000006"/>
        <testcase name="testEncodeDataWithSimpleArray" class="Dnx\Sso\Tests\ClientTest" classname="Dnx.Sso.Tests.ClientTest" file="/home/jlemoine/projects/dnx/back/sso-sdk/tests/ClientTest.php" line="39" assertions="1" time="0.000008"/>
        <testcase name="testEncodeDataWithSpecialCharacters" class="Dnx\Sso\Tests\ClientTest" classname="Dnx.Sso.Tests.ClientTest" file="/home/jlemoine/projects/dnx/back/sso-sdk/tests/ClientTest.php" line="52" assertions="1" time="0.000006"/>
        <testcase name="testEncodeDataWithNullValues" class="Dnx\Sso\Tests\ClientTest" classname="Dnx.Sso.Tests.ClientTest" file="/home/jlemoine/projects/dnx/back/sso-sdk/tests/ClientTest.php" line="65" assertions="1" time="0.000011"/>
        <testcase name="testEncodeDataWithEmptyArray" class="Dnx\Sso\Tests\ClientTest" classname="Dnx.Sso.Tests.ClientTest" file="/home/jlemoine/projects/dnx/back/sso-sdk/tests/ClientTest.php" line="78" assertions="1" time="0.000006"/>
        <testcase name="testApiConstants" class="Dnx\Sso\Tests\ClientTest" classname="Dnx.Sso.Tests.ClientTest" file="/home/jlemoine/projects/dnx/back/sso-sdk/tests/ClientTest.php" line="85" assertions="2" time="0.000005"/>
      </testsuite>
    </testsuite>
  </testsuite>
</testsuites>
